<?xml version="1.0" encoding="UTF-8"?>
<testng-results skipped="0" failed="1" ignored="0" total="1" passed="0">
  <reporter-output>
  </reporter-output>
  <suite name="Default suite" duration-ms="25108" started-at="2018-02-20T20:52:29Z" finished-at="2018-02-20T20:52:54Z">
    <groups>
    </groups>
    <test name="Default test" duration-ms="25108" started-at="2018-02-20T20:52:29Z" finished-at="2018-02-20T20:52:54Z">
      <class name="Tests.HomePage_Test">
        <test-method status="PASS" signature="beforeSuite()[pri:0, instance:Tests.HomePage_Test@2a079c]" name="beforeSuite" is-config="true" duration-ms="593" started-at="2018-02-21T02:22:28Z" finished-at="2018-02-21T02:22:29Z">
          <reporter-output>
          </reporter-output>
        </test-method> <!-- beforeSuite -->
        <test-method status="PASS" signature="beforeTest()[pri:0, instance:Tests.HomePage_Test@2a079c]" name="beforeTest" is-config="true" duration-ms="2297" started-at="2018-02-21T02:22:29Z" finished-at="2018-02-21T02:22:31Z">
          <reporter-output>
          </reporter-output>
        </test-method> <!-- beforeTest -->
        <test-method status="PASS" signature="beforClass()[pri:0, instance:Tests.HomePage_Test@2a079c]" name="beforClass" is-config="true" duration-ms="10779" started-at="2018-02-21T02:22:31Z" finished-at="2018-02-21T02:22:42Z">
          <reporter-output>
          </reporter-output>
        </test-method> <!-- beforClass -->
        <test-method status="PASS" signature="beforMethod(java.lang.String, java.lang.String, java.lang.String, java.lang.reflect.Method)[pri:0, instance:Tests.HomePage_Test@2a079c]" name="beforMethod" is-config="true" duration-ms="5592" started-at="2018-02-21T02:22:42Z" finished-at="2018-02-21T02:22:47Z">
          <params>
            <param index="0">
              <value>
                <![CDATA[internet explorer]]>
              </value>
            </param>
            <param index="1">
              <value>
                <![CDATA[11.0]]>
              </value>
            </param>
            <param index="2">
              <value>
                <![CDATA[Windows 7]]>
              </value>
            </param>
            <param index="3">
              <value>
                <![CDATA[public void Tests.HomePage_Test.HomePageValidation(java.lang.String,java.lang.String,java.lang.String)]]>
              </value>
            </param>
          </params>
          <reporter-output>
          </reporter-output>
        </test-method> <!-- beforMethod -->
        <test-method status="FAIL" signature="HomePageValidation(java.lang.String, java.lang.String, java.lang.String)[pri:0, instance:Tests.HomePage_Test@2a079c]" name="HomePageValidation" duration-ms="3826" started-at="2018-02-21T02:22:47Z" data-provider="dataProvider" finished-at="2018-02-21T02:22:51Z">
          <params>
            <param index="0">
              <value>
                <![CDATA[1]]>
              </value>
            </param>
            <param index="1">
              <value>
                <![CDATA[2]]>
              </value>
            </param>
            <param index="2">
              <value>
                <![CDATA[3]]>
              </value>
            </param>
          </params>
          <exception class="org.openqa.selenium.NoSuchFrameException">
            <message>
              <![CDATA[No frame element found by name or id leftnav
Build info: version: '3.4.0', revision: 'unknown', time: 'unknown'
System info: host: 'EXCELANCE', ip: '192.168.1.5', os.name: 'Windows 10', os.arch: 'x86', os.version: '10.0', java.version: '1.8.0_152'
Driver info: driver.version: unknown]]>
            </message>
            <full-stacktrace>
              <![CDATA[org.openqa.selenium.NoSuchFrameException: No frame element found by name or id leftnav
Build info: version: '3.4.0', revision: 'unknown', time: 'unknown'
System info: host: 'EXCELANCE', ip: '192.168.1.5', os.name: 'Windows 10', os.arch: 'x86', os.version: '10.0', java.version: '1.8.0_152'
Driver info: driver.version: unknown
	at org.openqa.selenium.remote.RemoteWebDriver$RemoteTargetLocator.frame(RemoteWebDriver.java:973)
	at Tests.HomePage_Test.HomePageValidation(HomePage_Test.java:14)
	at sun.reflect.NativeMethodAccessorImpl.invoke0(Native Method)
	at sun.reflect.NativeMethodAccessorImpl.invoke(NativeMethodAccessorImpl.java:62)
	at sun.reflect.DelegatingMethodAccessorImpl.invoke(DelegatingMethodAccessorImpl.java:43)
	at java.lang.reflect.Method.invoke(Method.java:498)
	at org.testng.internal.MethodInvocationHelper.invokeMethod(MethodInvocationHelper.java:108)
	at org.testng.internal.Invoker.invokeMethod(Invoker.java:661)
	at org.testng.internal.Invoker.invokeTestMethod(Invoker.java:869)
	at org.testng.internal.Invoker.invokeTestMethods(Invoker.java:1193)
	at org.testng.internal.TestMethodWorker.invokeTestMethods(TestMethodWorker.java:126)
	at org.testng.internal.TestMethodWorker.run(TestMethodWorker.java:109)
	at org.testng.TestRunner.privateRun(TestRunner.java:744)
	at org.testng.TestRunner.run(TestRunner.java:602)
	at org.testng.SuiteRunner.runTest(SuiteRunner.java:380)
	at org.testng.SuiteRunner.runSequentially(SuiteRunner.java:375)
	at org.testng.SuiteRunner.privateRun(SuiteRunner.java:340)
	at org.testng.SuiteRunner.run(SuiteRunner.java:289)
	at org.testng.SuiteRunnerWorker.runSuite(SuiteRunnerWorker.java:52)
	at org.testng.SuiteRunnerWorker.run(SuiteRunnerWorker.java:86)
	at org.testng.TestNG.runSuitesSequentially(TestNG.java:1301)
	at org.testng.TestNG.runSuitesLocally(TestNG.java:1226)
	at org.testng.TestNG.runSuites(TestNG.java:1144)
	at org.testng.TestNG.run(TestNG.java:1115)
	at org.testng.remote.AbstractRemoteTestNG.run(AbstractRemoteTestNG.java:114)
	at org.testng.remote.RemoteTestNG.initAndRun(RemoteTestNG.java:251)
	at org.testng.remote.RemoteTestNG.main(RemoteTestNG.java:77)
]]>
            </full-stacktrace>
          </exception> <!-- org.openqa.selenium.NoSuchFrameException -->
          <reporter-output>
          </reporter-output>
        </test-method> <!-- HomePageValidation -->
        <test-method status="PASS" signature="afterMethod(org.testng.ITestResult)[pri:0, instance:Tests.HomePage_Test@2a079c]" name="afterMethod" is-config="true" duration-ms="2368" started-at="2018-02-21T02:22:51Z" finished-at="2018-02-21T02:22:54Z">
          <params>
            <param index="0">
              <value>
                <![CDATA[[TestResult name=HomePageValidation status=FAILURE method=HomePage_Test.HomePageValidation(java.lang.String, java.lang.String, java.lang.String)[pri:0, instance:Tests.HomePage_Test@2a079c] output={null}]]]>
              </value>
            </param>
          </params>
          <reporter-output>
          </reporter-output>
        </test-method> <!-- afterMethod -->
        <test-method status="PASS" signature="aftersuite()[pri:0, instance:Tests.HomePage_Test@2a079c]" name="aftersuite" is-config="true" duration-ms="4428" started-at="2018-02-21T02:22:54Z" finished-at="2018-02-21T02:22:58Z">
          <reporter-output>
          </reporter-output>
        </test-method> <!-- aftersuite -->
      </class> <!-- Tests.HomePage_Test -->
    </test> <!-- Default test -->
  </suite> <!-- Default suite -->
</testng-results>
